<?xml version="1.0" encoding="UTF-8"?>
<testng-results skipped="0" failed="0" ignored="0" total="4" passed="4">
  <reporter-output>
  </reporter-output>
  <suite name="Default suite" duration-ms="95" started-at="2018-03-16T05:41:06Z" finished-at="2018-03-16T05:41:06Z">
    <groups>
    </groups>
    <test name="Default test" duration-ms="95" started-at="2018-03-16T05:41:06Z" finished-at="2018-03-16T05:41:06Z">
      <class name="testNG.priorityCheck">
        <test-method status="PASS" signature="login()[pri:-3, instance:testNG.priorityCheck@39c0f4a]" name="login" duration-ms="18" started-at="2018-03-16T11:11:06Z" finished-at="2018-03-16T11:11:06Z">
          <reporter-output>
          </reporter-output>
        </test-method> <!-- login -->
        <test-method status="PASS" signature="verification()[pri:-1, instance:testNG.priorityCheck@39c0f4a]" name="verification" duration-ms="2" started-at="2018-03-16T11:11:06Z" finished-at="2018-03-16T11:11:06Z">
          <reporter-output>
          </reporter-output>
        </test-method> <!-- verification -->
        <test-method status="PASS" signature="register()[pri:0, instance:testNG.priorityCheck@39c0f4a]" name="register" duration-ms="2" started-at="2018-03-16T11:11:06Z" finished-at="2018-03-16T11:11:06Z">
          <reporter-output>
          </reporter-output>
        </test-method> <!-- register -->
        <test-method status="PASS" signature="authentication()[pri:5, instance:testNG.priorityCheck@39c0f4a]" name="authentication" duration-ms="2" started-at="2018-03-16T11:11:06Z" finished-at="2018-03-16T11:11:06Z">
          <reporter-output>
          </reporter-output>
        </test-method> <!-- authentication -->
      </class> <!-- testNG.priorityCheck -->
    </test> <!-- Default test -->
  </suite> <!-- Default suite -->
</testng-results>
