<?xml version="1.0" encoding="UTF-8"?>
<testng-results skipped="0" failed="0" ignored="0" total="1" passed="1">
  <reporter-output>
  </reporter-output>
  <suite name="Default suite" duration-ms="12172" started-at="2019-05-22T05:19:36Z" finished-at="2019-05-22T05:19:49Z">
    <groups>
    </groups>
    <test name="Default test" duration-ms="12172" started-at="2019-05-22T05:19:36Z" finished-at="2019-05-22T05:19:49Z">
      <class name="com.newPrograms.test.NumberSeresPrograms">
        <test-method status="PASS" signature="findMaxCharacter()[pri:0, instance:com.newPrograms.test.NumberSeresPrograms@55f3ddb1]" name="findMaxCharacter" duration-ms="12108" started-at="2019-05-22T05:19:36Z" finished-at="2019-05-22T05:19:49Z">
          <reporter-output>
          </reporter-output>
        </test-method> <!-- findMaxCharacter -->
      </class> <!-- com.newPrograms.test.NumberSeresPrograms -->
    </test> <!-- Default test -->
  </suite> <!-- Default suite -->
</testng-results>
